2024-11-27 11:30:54 [INFO] 대기오염 데이터 처리 스크립트 시작.
2024-11-27 11:30:54 [INFO] 서울 지역 데이터 가져오기 성공.
2024-11-27 11:30:55 [INFO] 부산 지역 데이터 가져오기 성공.
2024-11-27 11:30:55 [INFO] 대구 지역 데이터 가져오기 성공.
2024-11-27 11:30:55 [INFO] 인천 지역 데이터 가져오기 성공.
2024-11-27 11:30:55 [INFO] 광주 지역 데이터 가져오기 성공.
2024-11-27 11:30:55 [INFO] 대전 지역 데이터 가져오기 성공.
2024-11-27 11:30:55 [INFO] 울산 지역 데이터 가져오기 성공.
2024-11-27 11:30:56 [INFO] 경기 지역 데이터 가져오기 성공.
2024-11-27 11:30:56 [INFO] 강원 지역 데이터 가져오기 성공.
2024-11-27 11:30:56 [INFO] 충북 지역 데이터 가져오기 성공.
2024-11-27 11:30:56 [INFO] 충남 지역 데이터 가져오기 성공.
2024-11-27 11:30:56 [INFO] 전북 지역 데이터 가져오기 성공.
2024-11-27 11:30:57 [INFO] 전남 지역 데이터 가져오기 성공.
2024-11-27 11:30:57 [INFO] 경북 지역 데이터 가져오기 성공.
2024-11-27 11:30:57 [INFO] 경남 지역 데이터 가져오기 성공.
2024-11-27 11:30:57 [INFO] 제주 지역 데이터 가져오기 성공.
2024-11-27 11:30:57 [INFO] 세종 지역 데이터 가져오기 성공.
2024-11-27 11:30:57 [INFO] 대기오염 데이터가 DB 테이블 'air_pollution_raw'에 저장 완료.
2024-11-27 11:30:58 [INFO] 가공 데이터 프로시저 실행 완료.
2024-11-27 11:30:58 [ERROR] DB 저장 또는 프로시저 실행 중 오류 발생: (pymysql.err.OperationalError) (1305, 'PROCEDURE pythondb.clear_raw_date does not exist')
[SQL: CALL clear_raw_date()]
(Background on this error at: https://sqlalche.me/e/20/e3q8)
2024-11-27 12:30:59 [INFO] 대기오염 데이터 처리 스크립트 시작.
2024-11-27 12:31:00 [INFO] 서울 지역 데이터 가져오기 성공.
2024-11-27 12:31:00 [INFO] 부산 지역 데이터 가져오기 성공.
2024-11-27 12:31:00 [INFO] 대구 지역 데이터 가져오기 성공.
2024-11-27 12:31:00 [INFO] 인천 지역 데이터 가져오기 성공.
2024-11-27 12:31:00 [INFO] 광주 지역 데이터 가져오기 성공.
2024-11-27 12:31:00 [INFO] 대전 지역 데이터 가져오기 성공.
2024-11-27 12:31:01 [INFO] 울산 지역 데이터 가져오기 성공.
2024-11-27 12:31:01 [INFO] 경기 지역 데이터 가져오기 성공.
2024-11-27 12:31:01 [INFO] 강원 지역 데이터 가져오기 성공.
2024-11-27 12:31:01 [INFO] 충북 지역 데이터 가져오기 성공.
2024-11-27 12:31:01 [INFO] 충남 지역 데이터 가져오기 성공.
2024-11-27 12:31:02 [INFO] 전북 지역 데이터 가져오기 성공.
2024-11-27 12:31:02 [INFO] 전남 지역 데이터 가져오기 성공.
2024-11-27 12:31:02 [INFO] 경북 지역 데이터 가져오기 성공.
2024-11-27 12:31:02 [INFO] 경남 지역 데이터 가져오기 성공.
2024-11-27 12:31:02 [INFO] 제주 지역 데이터 가져오기 성공.
2024-11-27 12:31:02 [INFO] 세종 지역 데이터 가져오기 성공.
2024-11-27 12:31:02 [INFO] 대기오염 데이터가 DB 테이블 'air_pollution_raw'에 저장 완료.
2024-11-27 12:31:03 [INFO] 가공 데이터 프로시저 실행 완료.
2024-11-27 12:31:03 [ERROR] DB 저장 또는 프로시저 실행 중 오류 발생: (pymysql.err.OperationalError) (1305, 'PROCEDURE pythondb.clear_raw_date does not exist')
[SQL: CALL clear_raw_date()]
(Background on this error at: https://sqlalche.me/e/20/e3q8)
2024-11-27 13:30:07 [INFO] 대기오염 데이터 처리 스크립트 시작.
2024-11-27 13:30:07 [INFO] 서울 지역 데이터 가져오기 성공.
2024-11-27 13:30:08 [INFO] 부산 지역 데이터 가져오기 성공.
2024-11-27 13:30:08 [INFO] 대구 지역 데이터 가져오기 성공.
2024-11-27 13:30:09 [INFO] 인천 지역 데이터 가져오기 성공.
2024-11-27 13:30:09 [INFO] 광주 지역 데이터 가져오기 성공.
2024-11-27 13:30:09 [INFO] 대전 지역 데이터 가져오기 성공.
2024-11-27 13:30:10 [INFO] 울산 지역 데이터 가져오기 성공.
2024-11-27 13:30:10 [INFO] 경기 지역 데이터 가져오기 성공.
2024-11-27 13:30:11 [INFO] 강원 지역 데이터 가져오기 성공.
2024-11-27 13:30:11 [INFO] 충북 지역 데이터 가져오기 성공.
2024-11-27 13:30:11 [INFO] 충남 지역 데이터 가져오기 성공.
2024-11-27 13:30:12 [INFO] 전북 지역 데이터 가져오기 성공.
2024-11-27 13:30:12 [INFO] 전남 지역 데이터 가져오기 성공.
2024-11-27 13:30:12 [INFO] 경북 지역 데이터 가져오기 성공.
2024-11-27 13:30:13 [INFO] 경남 지역 데이터 가져오기 성공.
2024-11-27 13:30:13 [INFO] 제주 지역 데이터 가져오기 성공.
2024-11-27 13:30:13 [INFO] 세종 지역 데이터 가져오기 성공.
2024-11-27 13:30:13 [INFO] 대기오염 데이터가 DB 테이블 'air_pollution_raw'에 저장 완료.
2024-11-27 13:30:13 [INFO] 가공 데이터 프로시저 실행 완료.
2024-11-27 13:30:13 [ERROR] DB 저장 또는 프로시저 실행 중 오류 발생: (pymysql.err.OperationalError) (1305, 'PROCEDURE pythondb.clear_raw_date does not exist')
[SQL: CALL clear_raw_date()]
(Background on this error at: https://sqlalche.me/e/20/e3q8)
2024-11-27 14:30:15 [INFO] 대기오염 데이터 처리 스크립트 시작.
2024-11-27 14:30:15 [INFO] 서울 지역 데이터 가져오기 성공.
2024-11-27 14:30:15 [INFO] 부산 지역 데이터 가져오기 성공.
2024-11-27 14:30:15 [INFO] 대구 지역 데이터 가져오기 성공.
2024-11-27 14:30:16 [INFO] 인천 지역 데이터 가져오기 성공.
2024-11-27 14:30:16 [INFO] 광주 지역 데이터 가져오기 성공.
2024-11-27 14:30:16 [INFO] 대전 지역 데이터 가져오기 성공.
2024-11-27 14:30:16 [INFO] 울산 지역 데이터 가져오기 성공.
2024-11-27 14:30:16 [INFO] 경기 지역 데이터 가져오기 성공.
2024-11-27 14:30:17 [INFO] 강원 지역 데이터 가져오기 성공.
2024-11-27 14:30:17 [INFO] 충북 지역 데이터 가져오기 성공.
2024-11-27 14:30:17 [INFO] 충남 지역 데이터 가져오기 성공.
2024-11-27 14:30:17 [INFO] 전북 지역 데이터 가져오기 성공.
2024-11-27 14:30:18 [INFO] 전남 지역 데이터 가져오기 성공.
2024-11-27 14:30:18 [INFO] 경북 지역 데이터 가져오기 성공.
2024-11-27 14:30:18 [INFO] 경남 지역 데이터 가져오기 성공.
2024-11-27 14:30:18 [INFO] 제주 지역 데이터 가져오기 성공.
2024-11-27 14:30:18 [INFO] 세종 지역 데이터 가져오기 성공.
2024-11-27 14:30:18 [INFO] 대기오염 데이터가 DB 테이블 'air_pollution_raw'에 저장 완료.
2024-11-27 14:30:19 [INFO] 가공 데이터 프로시저 실행 완료.
2024-11-27 14:30:19 [ERROR] DB 저장 또는 프로시저 실행 중 오류 발생: (pymysql.err.OperationalError) (1305, 'PROCEDURE pythondb.clear_raw_date does not exist')
[SQL: CALL clear_raw_date()]
(Background on this error at: https://sqlalche.me/e/20/e3q8)
2024-11-27 15:30:22 [INFO] 대기오염 데이터 처리 스크립트 시작.
2024-11-27 15:30:22 [INFO] 서울 지역 데이터 가져오기 성공.
2024-11-27 15:30:22 [INFO] 부산 지역 데이터 가져오기 성공.
2024-11-27 15:30:22 [INFO] 대구 지역 데이터 가져오기 성공.
2024-11-27 15:30:22 [INFO] 인천 지역 데이터 가져오기 성공.
2024-11-27 15:30:23 [INFO] 광주 지역 데이터 가져오기 성공.
2024-11-27 15:30:23 [INFO] 대전 지역 데이터 가져오기 성공.
2024-11-27 15:30:23 [INFO] 울산 지역 데이터 가져오기 성공.
2024-11-27 15:30:23 [INFO] 경기 지역 데이터 가져오기 성공.
2024-11-27 15:30:23 [INFO] 강원 지역 데이터 가져오기 성공.
2024-11-27 15:30:24 [INFO] 충북 지역 데이터 가져오기 성공.
2024-11-27 15:30:24 [INFO] 충남 지역 데이터 가져오기 성공.
2024-11-27 15:30:24 [INFO] 전북 지역 데이터 가져오기 성공.
2024-11-27 15:30:24 [INFO] 전남 지역 데이터 가져오기 성공.
2024-11-27 15:30:25 [INFO] 경북 지역 데이터 가져오기 성공.
2024-11-27 15:30:25 [INFO] 경남 지역 데이터 가져오기 성공.
2024-11-27 15:30:25 [INFO] 제주 지역 데이터 가져오기 성공.
2024-11-27 15:30:25 [INFO] 세종 지역 데이터 가져오기 성공.
2024-11-27 15:30:25 [INFO] 대기오염 데이터가 DB 테이블 'air_pollution_raw'에 저장 완료.
2024-11-27 15:30:25 [INFO] 가공 데이터 프로시저 실행 완료.
2024-11-27 15:30:25 [ERROR] DB 저장 또는 프로시저 실행 중 오류 발생: (pymysql.err.OperationalError) (1305, 'PROCEDURE pythondb.clear_raw_date does not exist')
[SQL: CALL clear_raw_date()]
(Background on this error at: https://sqlalche.me/e/20/e3q8)
2024-11-27 16:30:27 [INFO] 대기오염 데이터 처리 스크립트 시작.
2024-11-27 16:30:27 [INFO] 서울 지역 데이터 가져오기 성공.
2024-11-27 16:30:28 [INFO] 부산 지역 데이터 가져오기 성공.
2024-11-27 16:30:28 [INFO] 대구 지역 데이터 가져오기 성공.
2024-11-27 16:30:28 [INFO] 인천 지역 데이터 가져오기 성공.
2024-11-27 16:30:28 [INFO] 광주 지역 데이터 가져오기 성공.
2024-11-27 16:30:29 [INFO] 대전 지역 데이터 가져오기 성공.
2024-11-27 16:30:29 [INFO] 울산 지역 데이터 가져오기 성공.
2024-11-27 16:30:29 [INFO] 경기 지역 데이터 가져오기 성공.
2024-11-27 16:30:29 [INFO] 강원 지역 데이터 가져오기 성공.
2024-11-27 16:30:30 [INFO] 충북 지역 데이터 가져오기 성공.
2024-11-27 16:30:30 [INFO] 충남 지역 데이터 가져오기 성공.
2024-11-27 16:30:30 [INFO] 전북 지역 데이터 가져오기 성공.
2024-11-27 16:30:30 [INFO] 전남 지역 데이터 가져오기 성공.
2024-11-27 16:30:31 [INFO] 경북 지역 데이터 가져오기 성공.
2024-11-27 16:30:31 [INFO] 경남 지역 데이터 가져오기 성공.
2024-11-27 16:30:31 [INFO] 제주 지역 데이터 가져오기 성공.
2024-11-27 16:30:31 [INFO] 세종 지역 데이터 가져오기 성공.
2024-11-27 16:30:31 [INFO] 대기오염 데이터가 DB 테이블 'air_pollution_raw'에 저장 완료.
2024-11-27 16:30:31 [INFO] 가공 데이터 프로시저 실행 완료.
2024-11-27 16:30:31 [ERROR] DB 저장 또는 프로시저 실행 중 오류 발생: (pymysql.err.OperationalError) (1305, 'PROCEDURE pythondb.clear_raw_date does not exist')
[SQL: CALL clear_raw_date()]
(Background on this error at: https://sqlalche.me/e/20/e3q8)
2024-11-27 17:30:35 [INFO] 대기오염 데이터 처리 스크립트 시작.
2024-11-27 17:30:35 [INFO] 서울 지역 데이터 가져오기 성공.
2024-11-27 17:30:35 [INFO] 부산 지역 데이터 가져오기 성공.
2024-11-27 17:30:35 [INFO] 대구 지역 데이터 가져오기 성공.
2024-11-27 17:30:36 [INFO] 인천 지역 데이터 가져오기 성공.
2024-11-27 17:30:36 [INFO] 광주 지역 데이터 가져오기 성공.
2024-11-27 17:30:36 [INFO] 대전 지역 데이터 가져오기 성공.
2024-11-27 17:30:36 [INFO] 울산 지역 데이터 가져오기 성공.
2024-11-27 17:30:36 [INFO] 경기 지역 데이터 가져오기 성공.
2024-11-27 17:30:36 [INFO] 강원 지역 데이터 가져오기 성공.
2024-11-27 17:30:37 [INFO] 충북 지역 데이터 가져오기 성공.
2024-11-27 17:30:37 [INFO] 충남 지역 데이터 가져오기 성공.
2024-11-27 17:30:37 [INFO] 전북 지역 데이터 가져오기 성공.
2024-11-27 17:30:37 [INFO] 전남 지역 데이터 가져오기 성공.
2024-11-27 17:30:38 [INFO] 경북 지역 데이터 가져오기 성공.
2024-11-27 17:30:38 [INFO] 경남 지역 데이터 가져오기 성공.
2024-11-27 17:30:38 [INFO] 제주 지역 데이터 가져오기 성공.
2024-11-27 17:30:38 [INFO] 세종 지역 데이터 가져오기 성공.
2024-11-27 17:30:38 [INFO] 대기오염 데이터가 DB 테이블 'air_pollution_raw'에 저장 완료.
2024-11-27 17:30:38 [INFO] 가공 데이터 프로시저 실행 완료.
2024-11-27 17:30:38 [ERROR] DB 저장 또는 프로시저 실행 중 오류 발생: (pymysql.err.OperationalError) (1305, 'PROCEDURE pythondb.clear_raw_date does not exist')
[SQL: CALL clear_raw_date()]
(Background on this error at: https://sqlalche.me/e/20/e3q8)
