2024-11-27 11:02:59 [INFO] 중금속 데이터 처리 스크립트 시작.
2024-11-27 11:02:59 [INFO] 수도권의 Pb 데이터 성공적으로 가져옴.
2024-11-27 11:02:59 [INFO] 백령도의 Pb 데이터 성공적으로 가져옴.
2024-11-27 11:02:59 [INFO] 호남권의 Pb 데이터 성공적으로 가져옴.
2024-11-27 11:02:59 [INFO] 중부권의 Pb 데이터 성공적으로 가져옴.
2024-11-27 11:02:59 [INFO] 제주도의 Pb 데이터 성공적으로 가져옴.
2024-11-27 11:02:59 [INFO] 영남권의 Pb 데이터 성공적으로 가져옴.
2024-11-27 11:02:59 [INFO] 경기권의 Pb 데이터 성공적으로 가져옴.
2024-11-27 11:03:00 [INFO] 충청권의 Pb 데이터 성공적으로 가져옴.
2024-11-27 11:03:00 [INFO] 전북권의 Pb 데이터 성공적으로 가져옴.
2024-11-27 11:03:00 [INFO] 강원권의 Pb 데이터 성공적으로 가져옴.
2024-11-27 11:03:00 [INFO] 충북권의 Pb 데이터 성공적으로 가져옴.
2024-11-27 11:03:00 [INFO] 수도권의 Ni 데이터 성공적으로 가져옴.
2024-11-27 11:03:00 [INFO] 백령도의 Ni 데이터 성공적으로 가져옴.
2024-11-27 11:03:00 [INFO] 호남권의 Ni 데이터 성공적으로 가져옴.
2024-11-27 11:03:00 [INFO] 중부권의 Ni 데이터 성공적으로 가져옴.
2024-11-27 11:03:00 [INFO] 제주도의 Ni 데이터 성공적으로 가져옴.
2024-11-27 11:03:01 [INFO] 영남권의 Ni 데이터 성공적으로 가져옴.
2024-11-27 11:03:01 [INFO] 경기권의 Ni 데이터 성공적으로 가져옴.
2024-11-27 11:03:01 [INFO] 충청권의 Ni 데이터 성공적으로 가져옴.
2024-11-27 11:03:01 [INFO] 전북권의 Ni 데이터 성공적으로 가져옴.
2024-11-27 11:03:01 [INFO] 강원권의 Ni 데이터 성공적으로 가져옴.
2024-11-27 11:03:01 [INFO] 충북권의 Ni 데이터 성공적으로 가져옴.
2024-11-27 11:03:01 [INFO] 수도권의 Mn 데이터 성공적으로 가져옴.
2024-11-27 11:03:01 [INFO] 백령도의 Mn 데이터 성공적으로 가져옴.
2024-11-27 11:03:01 [INFO] 호남권의 Mn 데이터 성공적으로 가져옴.
2024-11-27 11:03:01 [INFO] 중부권의 Mn 데이터 성공적으로 가져옴.
2024-11-27 11:03:02 [INFO] 제주도의 Mn 데이터 성공적으로 가져옴.
2024-11-27 11:03:02 [INFO] 영남권의 Mn 데이터 성공적으로 가져옴.
2024-11-27 11:03:02 [INFO] 경기권의 Mn 데이터 성공적으로 가져옴.
2024-11-27 11:03:02 [INFO] 충청권의 Mn 데이터 성공적으로 가져옴.
2024-11-27 11:03:02 [INFO] 전북권의 Mn 데이터 성공적으로 가져옴.
2024-11-27 11:03:02 [INFO] 강원권의 Mn 데이터 성공적으로 가져옴.
2024-11-27 11:03:02 [INFO] 충북권의 Mn 데이터 성공적으로 가져옴.
2024-11-27 11:03:02 [INFO] 수도권의 Zn 데이터 성공적으로 가져옴.
2024-11-27 11:03:02 [INFO] 백령도의 Zn 데이터 성공적으로 가져옴.
2024-11-27 11:03:02 [INFO] 호남권의 Zn 데이터 성공적으로 가져옴.
2024-11-27 11:03:02 [INFO] 중부권의 Zn 데이터 성공적으로 가져옴.
2024-11-27 11:03:03 [INFO] 제주도의 Zn 데이터 성공적으로 가져옴.
2024-11-27 11:03:03 [INFO] 영남권의 Zn 데이터 성공적으로 가져옴.
2024-11-27 11:03:03 [INFO] 경기권의 Zn 데이터 성공적으로 가져옴.
2024-11-27 11:03:03 [INFO] 충청권의 Zn 데이터 성공적으로 가져옴.
2024-11-27 11:03:03 [INFO] 전북권의 Zn 데이터 성공적으로 가져옴.
2024-11-27 11:03:03 [INFO] 강원권의 Zn 데이터 성공적으로 가져옴.
2024-11-27 11:03:03 [INFO] 충북권의 Zn 데이터 성공적으로 가져옴.
2024-11-27 11:03:03 [INFO] 수도권의 S 데이터 성공적으로 가져옴.
2024-11-27 11:03:04 [INFO] 백령도의 S 데이터 성공적으로 가져옴.
2024-11-27 11:03:04 [INFO] 호남권의 S 데이터 성공적으로 가져옴.
2024-11-27 11:03:04 [INFO] 중부권의 S 데이터 성공적으로 가져옴.
2024-11-27 11:03:04 [INFO] 제주도의 S 데이터 성공적으로 가져옴.
2024-11-27 11:03:04 [INFO] 영남권의 S 데이터 성공적으로 가져옴.
2024-11-27 11:03:04 [INFO] 경기권의 S 데이터 성공적으로 가져옴.
2024-11-27 11:03:04 [INFO] 충청권의 S 데이터 성공적으로 가져옴.
2024-11-27 11:03:04 [INFO] 전북권의 S 데이터 성공적으로 가져옴.
2024-11-27 11:03:04 [INFO] 강원권의 S 데이터 성공적으로 가져옴.
2024-11-27 11:03:04 [INFO] 충북권의 S 데이터 성공적으로 가져옴.
2024-11-27 11:03:05 [INFO] 중금속 데이터가 DB 테이블 'metal_data'에 저장 완료.
2024-11-27 11:03:05 [INFO] 데이터 정규화 프로시저 실행 완료.
2024-11-27 11:03:05 [INFO] 원시 데이터 삭제 프로시저 실행 완료.
2024-11-27 11:03:36 [INFO] 중금속 데이터 처리 스크립트 시작.
2024-11-27 11:03:36 [INFO] 수도권의 Pb 데이터 성공적으로 가져옴.
2024-11-27 11:03:36 [INFO] 백령도의 Pb 데이터 성공적으로 가져옴.
2024-11-27 11:03:36 [INFO] 호남권의 Pb 데이터 성공적으로 가져옴.
2024-11-27 11:03:36 [INFO] 중부권의 Pb 데이터 성공적으로 가져옴.
2024-11-27 11:03:36 [INFO] 제주도의 Pb 데이터 성공적으로 가져옴.
2024-11-27 11:03:36 [INFO] 영남권의 Pb 데이터 성공적으로 가져옴.
2024-11-27 11:03:36 [INFO] 경기권의 Pb 데이터 성공적으로 가져옴.
2024-11-27 11:03:37 [INFO] 충청권의 Pb 데이터 성공적으로 가져옴.
2024-11-27 11:03:37 [INFO] 전북권의 Pb 데이터 성공적으로 가져옴.
2024-11-27 11:03:37 [INFO] 강원권의 Pb 데이터 성공적으로 가져옴.
2024-11-27 11:03:37 [INFO] 충북권의 Pb 데이터 성공적으로 가져옴.
2024-11-27 11:03:37 [INFO] 수도권의 Ni 데이터 성공적으로 가져옴.
2024-11-27 11:03:37 [INFO] 백령도의 Ni 데이터 성공적으로 가져옴.
2024-11-27 11:03:37 [INFO] 호남권의 Ni 데이터 성공적으로 가져옴.
2024-11-27 11:03:37 [INFO] 중부권의 Ni 데이터 성공적으로 가져옴.
2024-11-27 11:03:37 [INFO] 제주도의 Ni 데이터 성공적으로 가져옴.
2024-11-27 11:03:37 [INFO] 영남권의 Ni 데이터 성공적으로 가져옴.
2024-11-27 11:03:37 [INFO] 경기권의 Ni 데이터 성공적으로 가져옴.
2024-11-27 11:03:37 [INFO] 충청권의 Ni 데이터 성공적으로 가져옴.
2024-11-27 11:03:38 [INFO] 전북권의 Ni 데이터 성공적으로 가져옴.
2024-11-27 11:03:38 [INFO] 강원권의 Ni 데이터 성공적으로 가져옴.
2024-11-27 11:03:38 [INFO] 충북권의 Ni 데이터 성공적으로 가져옴.
2024-11-27 11:03:38 [INFO] 수도권의 Mn 데이터 성공적으로 가져옴.
2024-11-27 11:03:38 [INFO] 백령도의 Mn 데이터 성공적으로 가져옴.
2024-11-27 11:03:38 [INFO] 호남권의 Mn 데이터 성공적으로 가져옴.
2024-11-27 11:03:38 [INFO] 중부권의 Mn 데이터 성공적으로 가져옴.
2024-11-27 11:03:38 [INFO] 제주도의 Mn 데이터 성공적으로 가져옴.
2024-11-27 11:03:38 [INFO] 영남권의 Mn 데이터 성공적으로 가져옴.
2024-11-27 11:03:38 [INFO] 경기권의 Mn 데이터 성공적으로 가져옴.
2024-11-27 11:03:39 [INFO] 충청권의 Mn 데이터 성공적으로 가져옴.
2024-11-27 11:03:39 [INFO] 전북권의 Mn 데이터 성공적으로 가져옴.
2024-11-27 11:03:39 [INFO] 강원권의 Mn 데이터 성공적으로 가져옴.
2024-11-27 11:03:39 [INFO] 충북권의 Mn 데이터 성공적으로 가져옴.
2024-11-27 11:03:39 [INFO] 수도권의 Zn 데이터 성공적으로 가져옴.
2024-11-27 11:03:39 [INFO] 백령도의 Zn 데이터 성공적으로 가져옴.
2024-11-27 11:03:39 [INFO] 호남권의 Zn 데이터 성공적으로 가져옴.
2024-11-27 11:03:39 [INFO] 중부권의 Zn 데이터 성공적으로 가져옴.
2024-11-27 11:03:39 [INFO] 제주도의 Zn 데이터 성공적으로 가져옴.
2024-11-27 11:03:39 [INFO] 영남권의 Zn 데이터 성공적으로 가져옴.
2024-11-27 11:03:39 [INFO] 경기권의 Zn 데이터 성공적으로 가져옴.
2024-11-27 11:03:39 [INFO] 충청권의 Zn 데이터 성공적으로 가져옴.
2024-11-27 11:03:40 [INFO] 전북권의 Zn 데이터 성공적으로 가져옴.
2024-11-27 11:03:40 [INFO] 강원권의 Zn 데이터 성공적으로 가져옴.
2024-11-27 11:03:40 [INFO] 충북권의 Zn 데이터 성공적으로 가져옴.
2024-11-27 11:03:40 [INFO] 수도권의 S 데이터 성공적으로 가져옴.
2024-11-27 11:03:40 [INFO] 백령도의 S 데이터 성공적으로 가져옴.
2024-11-27 11:03:40 [INFO] 호남권의 S 데이터 성공적으로 가져옴.
2024-11-27 11:03:40 [INFO] 중부권의 S 데이터 성공적으로 가져옴.
2024-11-27 11:03:40 [INFO] 제주도의 S 데이터 성공적으로 가져옴.
2024-11-27 11:03:40 [INFO] 영남권의 S 데이터 성공적으로 가져옴.
2024-11-27 11:03:40 [INFO] 경기권의 S 데이터 성공적으로 가져옴.
2024-11-27 11:03:41 [INFO] 충청권의 S 데이터 성공적으로 가져옴.
2024-11-27 11:03:41 [INFO] 전북권의 S 데이터 성공적으로 가져옴.
2024-11-27 11:03:41 [INFO] 강원권의 S 데이터 성공적으로 가져옴.
2024-11-27 11:03:41 [INFO] 충북권의 S 데이터 성공적으로 가져옴.
2024-11-27 11:03:41 [INFO] 중금속 데이터가 DB 테이블 'metal_data'에 저장 완료.
2024-11-27 11:03:41 [INFO] 데이터 정규화 프로시저 실행 완료.
2024-11-27 11:03:41 [INFO] 원시 데이터 삭제 프로시저 실행 완료.
2024-11-27 12:30:59 [INFO] 중금속 데이터 처리 스크립트 시작.
2024-11-27 12:31:00 [INFO] 수도권의 Pb 데이터 성공적으로 가져옴.
2024-11-27 12:31:00 [INFO] 백령도의 Pb 데이터 성공적으로 가져옴.
2024-11-27 12:31:00 [INFO] 호남권의 Pb 데이터 성공적으로 가져옴.
2024-11-27 12:31:00 [INFO] 중부권의 Pb 데이터 성공적으로 가져옴.
2024-11-27 12:31:00 [INFO] 제주도의 Pb 데이터 성공적으로 가져옴.
2024-11-27 12:31:00 [INFO] 영남권의 Pb 데이터 성공적으로 가져옴.
2024-11-27 12:31:00 [INFO] 경기권의 Pb 데이터 성공적으로 가져옴.
2024-11-27 12:31:00 [INFO] 충청권의 Pb 데이터 성공적으로 가져옴.
2024-11-27 12:31:00 [INFO] 전북권의 Pb 데이터 성공적으로 가져옴.
2024-11-27 12:31:01 [INFO] 강원권의 Pb 데이터 성공적으로 가져옴.
2024-11-27 12:31:01 [INFO] 충북권의 Pb 데이터 성공적으로 가져옴.
2024-11-27 12:31:01 [INFO] 수도권의 Ni 데이터 성공적으로 가져옴.
2024-11-27 12:31:01 [INFO] 백령도의 Ni 데이터 성공적으로 가져옴.
2024-11-27 12:31:01 [INFO] 호남권의 Ni 데이터 성공적으로 가져옴.
2024-11-27 12:31:01 [INFO] 중부권의 Ni 데이터 성공적으로 가져옴.
2024-11-27 12:31:01 [INFO] 제주도의 Ni 데이터 성공적으로 가져옴.
2024-11-27 12:31:01 [INFO] 영남권의 Ni 데이터 성공적으로 가져옴.
2024-11-27 12:31:01 [INFO] 경기권의 Ni 데이터 성공적으로 가져옴.
2024-11-27 12:31:01 [INFO] 충청권의 Ni 데이터 성공적으로 가져옴.
2024-11-27 12:31:01 [INFO] 전북권의 Ni 데이터 성공적으로 가져옴.
2024-11-27 12:31:02 [INFO] 강원권의 Ni 데이터 성공적으로 가져옴.
2024-11-27 12:31:02 [INFO] 충북권의 Ni 데이터 성공적으로 가져옴.
2024-11-27 12:31:02 [INFO] 수도권의 Mn 데이터 성공적으로 가져옴.
2024-11-27 12:31:02 [INFO] 백령도의 Mn 데이터 성공적으로 가져옴.
2024-11-27 12:31:02 [INFO] 호남권의 Mn 데이터 성공적으로 가져옴.
2024-11-27 12:31:02 [INFO] 중부권의 Mn 데이터 성공적으로 가져옴.
2024-11-27 12:31:02 [INFO] 제주도의 Mn 데이터 성공적으로 가져옴.
2024-11-27 12:31:02 [INFO] 영남권의 Mn 데이터 성공적으로 가져옴.
2024-11-27 12:31:02 [INFO] 경기권의 Mn 데이터 성공적으로 가져옴.
2024-11-27 12:31:02 [INFO] 충청권의 Mn 데이터 성공적으로 가져옴.
2024-11-27 12:31:02 [INFO] 전북권의 Mn 데이터 성공적으로 가져옴.
2024-11-27 12:31:03 [INFO] 강원권의 Mn 데이터 성공적으로 가져옴.
2024-11-27 12:31:03 [INFO] 충북권의 Mn 데이터 성공적으로 가져옴.
2024-11-27 12:31:03 [INFO] 수도권의 Zn 데이터 성공적으로 가져옴.
2024-11-27 12:31:03 [INFO] 백령도의 Zn 데이터 성공적으로 가져옴.
2024-11-27 12:31:03 [INFO] 호남권의 Zn 데이터 성공적으로 가져옴.
2024-11-27 12:31:03 [INFO] 중부권의 Zn 데이터 성공적으로 가져옴.
2024-11-27 12:31:04 [INFO] 제주도의 Zn 데이터 성공적으로 가져옴.
2024-11-27 12:31:04 [INFO] 영남권의 Zn 데이터 성공적으로 가져옴.
2024-11-27 12:31:04 [INFO] 경기권의 Zn 데이터 성공적으로 가져옴.
2024-11-27 12:31:04 [INFO] 충청권의 Zn 데이터 성공적으로 가져옴.
2024-11-27 12:31:04 [INFO] 전북권의 Zn 데이터 성공적으로 가져옴.
2024-11-27 12:31:04 [INFO] 강원권의 Zn 데이터 성공적으로 가져옴.
2024-11-27 12:31:04 [INFO] 충북권의 Zn 데이터 성공적으로 가져옴.
2024-11-27 12:31:05 [INFO] 수도권의 S 데이터 성공적으로 가져옴.
2024-11-27 12:31:05 [INFO] 백령도의 S 데이터 성공적으로 가져옴.
2024-11-27 12:31:05 [INFO] 호남권의 S 데이터 성공적으로 가져옴.
2024-11-27 12:31:05 [INFO] 중부권의 S 데이터 성공적으로 가져옴.
2024-11-27 12:31:05 [INFO] 제주도의 S 데이터 성공적으로 가져옴.
2024-11-27 12:31:05 [INFO] 영남권의 S 데이터 성공적으로 가져옴.
2024-11-27 12:31:05 [INFO] 경기권의 S 데이터 성공적으로 가져옴.
2024-11-27 12:31:05 [INFO] 충청권의 S 데이터 성공적으로 가져옴.
2024-11-27 12:31:05 [INFO] 전북권의 S 데이터 성공적으로 가져옴.
2024-11-27 12:31:05 [INFO] 강원권의 S 데이터 성공적으로 가져옴.
2024-11-27 12:31:05 [INFO] 충북권의 S 데이터 성공적으로 가져옴.
2024-11-27 12:31:06 [INFO] 중금속 데이터가 DB 테이블 'metal_data'에 저장 완료.
2024-11-27 12:31:06 [INFO] 데이터 정규화 프로시저 실행 완료.
2024-11-27 12:31:06 [INFO] 원시 데이터 삭제 프로시저 실행 완료.
2024-11-27 14:30:15 [INFO] 중금속 데이터 처리 스크립트 시작.
2024-11-27 14:30:15 [INFO] 수도권의 Pb 데이터 성공적으로 가져옴.
2024-11-27 14:30:15 [INFO] 백령도의 Pb 데이터 성공적으로 가져옴.
2024-11-27 14:30:15 [INFO] 호남권의 Pb 데이터 성공적으로 가져옴.
2024-11-27 14:30:15 [INFO] 중부권의 Pb 데이터 성공적으로 가져옴.
2024-11-27 14:30:15 [INFO] 제주도의 Pb 데이터 성공적으로 가져옴.
2024-11-27 14:30:15 [INFO] 영남권의 Pb 데이터 성공적으로 가져옴.
2024-11-27 14:30:15 [INFO] 경기권의 Pb 데이터 성공적으로 가져옴.
2024-11-27 14:30:16 [INFO] 충청권의 Pb 데이터 성공적으로 가져옴.
2024-11-27 14:30:16 [INFO] 전북권의 Pb 데이터 성공적으로 가져옴.
2024-11-27 14:30:16 [INFO] 강원권의 Pb 데이터 성공적으로 가져옴.
2024-11-27 14:30:16 [INFO] 충북권의 Pb 데이터 성공적으로 가져옴.
2024-11-27 14:30:16 [INFO] 수도권의 Ni 데이터 성공적으로 가져옴.
2024-11-27 14:30:16 [INFO] 백령도의 Ni 데이터 성공적으로 가져옴.
2024-11-27 14:30:16 [INFO] 호남권의 Ni 데이터 성공적으로 가져옴.
2024-11-27 14:30:16 [INFO] 중부권의 Ni 데이터 성공적으로 가져옴.
2024-11-27 14:30:16 [INFO] 제주도의 Ni 데이터 성공적으로 가져옴.
2024-11-27 14:30:16 [INFO] 영남권의 Ni 데이터 성공적으로 가져옴.
2024-11-27 14:30:17 [INFO] 경기권의 Ni 데이터 성공적으로 가져옴.
2024-11-27 14:30:17 [INFO] 충청권의 Ni 데이터 성공적으로 가져옴.
2024-11-27 14:30:17 [INFO] 전북권의 Ni 데이터 성공적으로 가져옴.
2024-11-27 14:30:17 [INFO] 강원권의 Ni 데이터 성공적으로 가져옴.
2024-11-27 14:30:17 [INFO] 충북권의 Ni 데이터 성공적으로 가져옴.
2024-11-27 14:30:17 [INFO] 수도권의 Mn 데이터 성공적으로 가져옴.
2024-11-27 14:30:17 [INFO] 백령도의 Mn 데이터 성공적으로 가져옴.
2024-11-27 14:30:17 [INFO] 호남권의 Mn 데이터 성공적으로 가져옴.
2024-11-27 14:30:17 [INFO] 중부권의 Mn 데이터 성공적으로 가져옴.
2024-11-27 14:30:18 [INFO] 제주도의 Mn 데이터 성공적으로 가져옴.
2024-11-27 14:30:18 [INFO] 영남권의 Mn 데이터 성공적으로 가져옴.
2024-11-27 14:30:18 [INFO] 경기권의 Mn 데이터 성공적으로 가져옴.
2024-11-27 14:30:18 [INFO] 충청권의 Mn 데이터 성공적으로 가져옴.
2024-11-27 14:30:18 [INFO] 전북권의 Mn 데이터 성공적으로 가져옴.
2024-11-27 14:30:18 [INFO] 강원권의 Mn 데이터 성공적으로 가져옴.
2024-11-27 14:30:18 [INFO] 충북권의 Mn 데이터 성공적으로 가져옴.
2024-11-27 14:30:18 [INFO] 수도권의 Zn 데이터 성공적으로 가져옴.
2024-11-27 14:30:18 [INFO] 백령도의 Zn 데이터 성공적으로 가져옴.
2024-11-27 14:30:18 [INFO] 호남권의 Zn 데이터 성공적으로 가져옴.
2024-11-27 14:30:19 [INFO] 중부권의 Zn 데이터 성공적으로 가져옴.
2024-11-27 14:30:19 [INFO] 제주도의 Zn 데이터 성공적으로 가져옴.
2024-11-27 14:30:19 [INFO] 영남권의 Zn 데이터 성공적으로 가져옴.
2024-11-27 14:30:19 [INFO] 경기권의 Zn 데이터 성공적으로 가져옴.
2024-11-27 14:30:19 [INFO] 충청권의 Zn 데이터 성공적으로 가져옴.
2024-11-27 14:30:19 [INFO] 전북권의 Zn 데이터 성공적으로 가져옴.
2024-11-27 14:30:19 [INFO] 강원권의 Zn 데이터 성공적으로 가져옴.
2024-11-27 14:30:19 [INFO] 충북권의 Zn 데이터 성공적으로 가져옴.
2024-11-27 14:30:19 [INFO] 수도권의 S 데이터 성공적으로 가져옴.
2024-11-27 14:30:19 [INFO] 백령도의 S 데이터 성공적으로 가져옴.
2024-11-27 14:30:19 [INFO] 호남권의 S 데이터 성공적으로 가져옴.
2024-11-27 14:30:20 [INFO] 중부권의 S 데이터 성공적으로 가져옴.
2024-11-27 14:30:20 [INFO] 제주도의 S 데이터 성공적으로 가져옴.
2024-11-27 14:30:20 [INFO] 영남권의 S 데이터 성공적으로 가져옴.
2024-11-27 14:30:20 [INFO] 경기권의 S 데이터 성공적으로 가져옴.
2024-11-27 14:30:20 [INFO] 충청권의 S 데이터 성공적으로 가져옴.
2024-11-27 14:30:20 [INFO] 전북권의 S 데이터 성공적으로 가져옴.
2024-11-27 14:30:20 [INFO] 강원권의 S 데이터 성공적으로 가져옴.
2024-11-27 14:30:20 [INFO] 충북권의 S 데이터 성공적으로 가져옴.
2024-11-27 14:30:20 [INFO] 중금속 데이터가 DB 테이블 'metal_data'에 저장 완료.
2024-11-27 14:30:20 [INFO] 데이터 정규화 프로시저 실행 완료.
2024-11-27 14:30:20 [INFO] 원시 데이터 삭제 프로시저 실행 완료.
2024-11-27 16:30:27 [INFO] 중금속 데이터 처리 스크립트 시작.
2024-11-27 16:30:27 [INFO] 수도권의 Pb 데이터 성공적으로 가져옴.
2024-11-27 16:30:28 [INFO] 백령도의 Pb 데이터 성공적으로 가져옴.
2024-11-27 16:30:28 [INFO] 호남권의 Pb 데이터 성공적으로 가져옴.
2024-11-27 16:30:28 [INFO] 중부권의 Pb 데이터 성공적으로 가져옴.
2024-11-27 16:30:28 [INFO] 제주도의 Pb 데이터 성공적으로 가져옴.
2024-11-27 16:30:28 [INFO] 영남권의 Pb 데이터 성공적으로 가져옴.
2024-11-27 16:30:28 [INFO] 경기권의 Pb 데이터 성공적으로 가져옴.
2024-11-27 16:30:28 [INFO] 충청권의 Pb 데이터 성공적으로 가져옴.
2024-11-27 16:30:28 [INFO] 전북권의 Pb 데이터 성공적으로 가져옴.
2024-11-27 16:30:28 [INFO] 강원권의 Pb 데이터 성공적으로 가져옴.
2024-11-27 16:30:29 [INFO] 충북권의 Pb 데이터 성공적으로 가져옴.
2024-11-27 16:30:29 [INFO] 수도권의 Ni 데이터 성공적으로 가져옴.
2024-11-27 16:30:29 [INFO] 백령도의 Ni 데이터 성공적으로 가져옴.
2024-11-27 16:30:29 [INFO] 호남권의 Ni 데이터 성공적으로 가져옴.
2024-11-27 16:30:29 [INFO] 중부권의 Ni 데이터 성공적으로 가져옴.
2024-11-27 16:30:29 [INFO] 제주도의 Ni 데이터 성공적으로 가져옴.
2024-11-27 16:30:29 [INFO] 영남권의 Ni 데이터 성공적으로 가져옴.
2024-11-27 16:30:29 [INFO] 경기권의 Ni 데이터 성공적으로 가져옴.
2024-11-27 16:30:29 [INFO] 충청권의 Ni 데이터 성공적으로 가져옴.
2024-11-27 16:30:29 [INFO] 전북권의 Ni 데이터 성공적으로 가져옴.
2024-11-27 16:30:29 [INFO] 강원권의 Ni 데이터 성공적으로 가져옴.
2024-11-27 16:30:30 [INFO] 충북권의 Ni 데이터 성공적으로 가져옴.
2024-11-27 16:30:30 [INFO] 수도권의 Mn 데이터 성공적으로 가져옴.
2024-11-27 16:30:30 [INFO] 백령도의 Mn 데이터 성공적으로 가져옴.
2024-11-27 16:30:30 [INFO] 호남권의 Mn 데이터 성공적으로 가져옴.
2024-11-27 16:30:30 [INFO] 중부권의 Mn 데이터 성공적으로 가져옴.
2024-11-27 16:30:30 [INFO] 제주도의 Mn 데이터 성공적으로 가져옴.
2024-11-27 16:30:30 [INFO] 영남권의 Mn 데이터 성공적으로 가져옴.
2024-11-27 16:30:30 [INFO] 경기권의 Mn 데이터 성공적으로 가져옴.
2024-11-27 16:30:30 [INFO] 충청권의 Mn 데이터 성공적으로 가져옴.
2024-11-27 16:30:31 [INFO] 전북권의 Mn 데이터 성공적으로 가져옴.
2024-11-27 16:30:31 [INFO] 강원권의 Mn 데이터 성공적으로 가져옴.
2024-11-27 16:30:31 [INFO] 충북권의 Mn 데이터 성공적으로 가져옴.
2024-11-27 16:30:31 [INFO] 수도권의 Zn 데이터 성공적으로 가져옴.
2024-11-27 16:30:31 [INFO] 백령도의 Zn 데이터 성공적으로 가져옴.
2024-11-27 16:30:31 [INFO] 호남권의 Zn 데이터 성공적으로 가져옴.
2024-11-27 16:30:31 [INFO] 중부권의 Zn 데이터 성공적으로 가져옴.
2024-11-27 16:30:31 [INFO] 제주도의 Zn 데이터 성공적으로 가져옴.
2024-11-27 16:30:31 [INFO] 영남권의 Zn 데이터 성공적으로 가져옴.
2024-11-27 16:30:32 [INFO] 경기권의 Zn 데이터 성공적으로 가져옴.
2024-11-27 16:30:32 [INFO] 충청권의 Zn 데이터 성공적으로 가져옴.
2024-11-27 16:30:32 [INFO] 전북권의 Zn 데이터 성공적으로 가져옴.
2024-11-27 16:30:32 [INFO] 강원권의 Zn 데이터 성공적으로 가져옴.
2024-11-27 16:30:32 [INFO] 충북권의 Zn 데이터 성공적으로 가져옴.
2024-11-27 16:30:32 [INFO] 수도권의 S 데이터 성공적으로 가져옴.
2024-11-27 16:30:32 [INFO] 백령도의 S 데이터 성공적으로 가져옴.
2024-11-27 16:30:32 [INFO] 호남권의 S 데이터 성공적으로 가져옴.
2024-11-27 16:30:33 [INFO] 중부권의 S 데이터 성공적으로 가져옴.
2024-11-27 16:30:33 [INFO] 제주도의 S 데이터 성공적으로 가져옴.
2024-11-27 16:30:33 [INFO] 영남권의 S 데이터 성공적으로 가져옴.
2024-11-27 16:30:33 [INFO] 경기권의 S 데이터 성공적으로 가져옴.
2024-11-27 16:30:33 [INFO] 충청권의 S 데이터 성공적으로 가져옴.
2024-11-27 16:30:33 [INFO] 전북권의 S 데이터 성공적으로 가져옴.
2024-11-27 16:30:33 [INFO] 강원권의 S 데이터 성공적으로 가져옴.
2024-11-27 16:30:33 [INFO] 충북권의 S 데이터 성공적으로 가져옴.
2024-11-27 16:30:33 [INFO] 중금속 데이터가 DB 테이블 'metal_data'에 저장 완료.
2024-11-27 16:30:33 [INFO] 데이터 정규화 프로시저 실행 완료.
2024-11-27 16:30:33 [INFO] 원시 데이터 삭제 프로시저 실행 완료.
