2024-11-27 11:09:06,175 - INFO - 스케줄러 실행 시작...
2024-11-27 11:10:53,366 - INFO - 스케줄러 실행 시작...
2024-11-27 11:30:53,497 - INFO - 대기오염 데이터 스크립트를 실행합니다.
2024-11-27 11:30:53,497 - INFO - air_pollution_DB.py 실행 중... 현재 시간: 2024-11-27 11:30:53.497605
2024-11-27 11:30:58,222 - INFO - air_pollution_DB.py 실행 완료

2024-11-27 12:30:58,626 - INFO - 대기오염 데이터 스크립트를 실행합니다.
2024-11-27 12:30:58,628 - INFO - 중금속 데이터 스크립트를 실행합니다.
2024-11-27 12:30:58,628 - INFO - air_pollution_DB.py 실행 중... 현재 시간: 2024-11-27 12:30:58.628616
2024-11-27 12:30:58,632 - INFO - air_metal_DB.py 실행 중... 현재 시간: 2024-11-27 12:30:58.632728
2024-11-27 12:31:03,232 - INFO - air_pollution_DB.py 실행 완료

2024-11-27 12:31:06,153 - INFO - air_metal_DB.py 실행 완료

2024-11-27 13:30:06,414 - INFO - 대기오염 데이터 스크립트를 실행합니다.
2024-11-27 13:30:06,415 - INFO - air_pollution_DB.py 실행 중... 현재 시간: 2024-11-27 13:30:06.415349
2024-11-27 13:30:13,632 - INFO - air_pollution_DB.py 실행 완료

2024-11-27 14:30:13,973 - INFO - 대기오염 데이터 스크립트를 실행합니다.
2024-11-27 14:30:13,974 - INFO - 중금속 데이터 스크립트를 실행합니다.
2024-11-27 14:30:13,974 - INFO - air_pollution_DB.py 실행 중... 현재 시간: 2024-11-27 14:30:13.974833
2024-11-27 14:30:13,976 - INFO - air_metal_DB.py 실행 중... 현재 시간: 2024-11-27 14:30:13.976828
2024-11-27 14:30:19,243 - INFO - air_pollution_DB.py 실행 완료

2024-11-27 14:30:20,785 - INFO - air_metal_DB.py 실행 완료

2024-11-27 15:30:21,148 - INFO - 대기오염 데이터 스크립트를 실행합니다.
2024-11-27 15:30:21,149 - INFO - air_pollution_DB.py 실행 중... 현재 시간: 2024-11-27 15:30:21.149591
2024-11-27 15:30:25,999 - INFO - air_pollution_DB.py 실행 완료

2024-11-27 16:30:26,537 - INFO - 대기오염 데이터 스크립트를 실행합니다.
2024-11-27 16:30:26,538 - INFO - 중금속 데이터 스크립트를 실행합니다.
2024-11-27 16:30:26,538 - INFO - air_pollution_DB.py 실행 중... 현재 시간: 2024-11-27 16:30:26.538607
2024-11-27 16:30:26,541 - INFO - air_metal_DB.py 실행 중... 현재 시간: 2024-11-27 16:30:26.541500
2024-11-27 16:30:31,940 - INFO - air_pollution_DB.py 실행 완료

2024-11-27 16:30:33,801 - INFO - air_metal_DB.py 실행 완료

2024-11-27 17:30:34,309 - INFO - 대기오염 데이터 스크립트를 실행합니다.
2024-11-27 17:30:34,309 - INFO - air_pollution_DB.py 실행 중... 현재 시간: 2024-11-27 17:30:34.309964
2024-11-27 17:30:38,768 - INFO - air_pollution_DB.py 실행 완료

2024-11-27 17:38:27,833 - INFO - 스케줄러 실행 시작...
